<?xml version="1.0" encoding="UTF-8"?>
<testsuite name="theatricalplays.StatementPrinterTests" tests="1" skipped="0" failures="0" errors="0" timestamp="2023-10-30T14:41:15" hostname="ada.local.isima.fr" time="0.118">
  <properties/>
  <testcase name="exampleStatement()" classname="theatricalplays.StatementPrinterTests" time="0.118"/>
  <system-out><![CDATA[]]></system-out>
  <system-err><![CDATA[]]></system-err>
</testsuite>
