<?xml version="1.0" encoding="UTF-8"?>
<testsuite name="theatricalplays.StatementPrinterTests" tests="2" skipped="0" failures="0" errors="0" timestamp="2023-10-24T14:33:51" hostname="ada.local.isima.fr" time="0.182">
  <properties/>
  <testcase name="exampleStatement()" classname="theatricalplays.StatementPrinterTests" time="0.173"/>
  <testcase name="statementWithNewPlayTypes()" classname="theatricalplays.StatementPrinterTests" time="0.006"/>
  <system-out><![CDATA[Statement for BigCo
  Hamlet: $650.00 (55 seats)
  As You Like It: $580.00 (35 seats)
  Othello: $500.00 (40 seats)
Amount owed is $1,730.00
You earned 47 credits

]]></system-out>
  <system-err><![CDATA[]]></system-err>
</testsuite>
